<?xml version="1.0" encoding="UTF-8"?>
<testng-results ignored="0" total="1" passed="1" failed="0" skipped="0">
  <reporter-output>
  </reporter-output>
  <suite started-at="2022-09-07T17:28:32 EDT" name="Default suite" finished-at="2022-09-07T17:28:38 EDT" duration-ms="5904">
    <groups>
    </groups>
    <test started-at="2022-09-07T17:28:32 EDT" name="Default test" finished-at="2022-09-07T17:28:38 EDT" duration-ms="5904">
      <class name="Testing.Register">
        <test-method is-config="true" signature="beforeMethod()[pri:0, instance:Testing.Register@18d87d80]" started-at="2022-09-07T17:28:32 EDT" name="beforeMethod" finished-at="2022-09-07T17:28:37 EDT" duration-ms="4575" status="PASS">
          <reporter-output>
          </reporter-output>
        </test-method> <!-- beforeMethod -->
        <test-method signature="RegisterButton()[pri:0, instance:Testing.Register@18d87d80]" started-at="2022-09-07T17:28:37 EDT" name="RegisterButton" finished-at="2022-09-07T17:28:38 EDT" duration-ms="1298" status="PASS">
          <reporter-output>
          </reporter-output>
        </test-method> <!-- RegisterButton -->
      </class> <!-- Testing.Register -->
    </test> <!-- Default test -->
  </suite> <!-- Default suite -->
</testng-results>
